[INFO] Scanning for projects...
[WARNING] 
[WARNING] Some problems were encountered while building the effective model for com.lachesis.support:support-auth:jar:0.01
[WARNING] 'build.plugins.plugin.version' for org.apache.maven.plugins:maven-compiler-plugin is missing. @ line 152, column 12
[WARNING] 
[WARNING] It is highly recommended to fix these problems because they threaten the stability of your build.
[WARNING] 
[WARNING] For this reason, future Maven versions might no longer support building such malformed projects.
[WARNING] 
[INFO]                                                                         
[INFO] ------------------------------------------------------------------------
[INFO] Building support-auth 0.01
[INFO] ------------------------------------------------------------------------
[WARNING] The artifact jtds:jtds:jar:1.2 has been relocated to net.sourceforge.jtds:jtds:jar:1.2
[INFO] 
[INFO] --- maven-clean-plugin:2.5:clean (default-clean) @ support-auth ---
[INFO] Deleting E:\GitRepo\support-auth\target
[INFO] 
[INFO] --- maven-resources-plugin:2.6:resources (default-resources) @ support-auth ---
[WARNING] Using platform encoding (GBK actually) to copy filtered resources, i.e. build is platform dependent!
[INFO] Copying 8 resources
[INFO] 
[INFO] --- maven-compiler-plugin:3.1:compile (default-compile) @ support-auth ---
[INFO] Changes detected - recompiling the module!
[WARNING] File encoding has not been set, using platform encoding GBK, i.e. build is platform dependent!
[INFO] Compiling 38 source files to E:\GitRepo\support-auth\target\classes
[INFO] 
[INFO] --- maven-resources-plugin:2.6:testResources (default-testResources) @ support-auth ---
[WARNING] Using platform encoding (GBK actually) to copy filtered resources, i.e. build is platform dependent!
[INFO] Copying 2 resources
[INFO] 
[INFO] --- maven-compiler-plugin:3.1:testCompile (default-testCompile) @ support-auth ---
[INFO] Changes detected - recompiling the module!
[WARNING] File encoding has not been set, using platform encoding GBK, i.e. build is platform dependent!
[INFO] Compiling 7 source files to E:\GitRepo\support-auth\target\test-classes
[INFO] 
[INFO] --- maven-surefire-plugin:2.12.4:test (default-test) @ support-auth ---
[INFO] Surefire report directory: E:\GitRepo\support-auth\target\surefire-reports

-------------------------------------------------------
 T E S T S
-------------------------------------------------------
Running com.lachesis.common.CommonDirectoryTest
user.home:C:\Users\Administrator
java.home:D:\tools\java\jdk\jdk1.7.0_80\jre
Tests run: 1, Failures: 0, Errors: 0, Skipped: 0, Time elapsed: 0.029 sec
Running com.lachesis.ehcache.CacheTest
Tests run: 1, Failures: 0, Errors: 0, Skipped: 1, Time elapsed: 0 sec
Running com.lachesis.support.auth.cache.AuthTokenCacheTest
Tests run: 1, Failures: 0, Errors: 0, Skipped: 1, Time elapsed: 0.001 sec
Running com.lachesis.support.auth.cache.DefaultAuthCacheProviderTest
INFO  DefaultTestContextBootstrapper - Loaded default TestExecutionListener class names from location [META-INF/spring.factories]: [org.springframework.test.context.web.ServletTestExecutionListener, org.springframework.test.context.support.DirtiesContextBeforeModesTestExecutionListener, org.springframework.test.context.support.DependencyInjectionTestExecutionListener, org.springframework.test.context.support.DirtiesContextTestExecutionListener, org.springframework.test.context.transaction.TransactionalTestExecutionListener, org.springframework.test.context.jdbc.SqlScriptsTestExecutionListener]
INFO  DefaultTestContextBootstrapper - Could not instantiate TestExecutionListener [org.springframework.test.context.web.ServletTestExecutionListener]. Specify custom listener classes or make the default listener classes (and their required dependencies) available. Offending class: [javax/servlet/ServletContext]
INFO  DefaultTestContextBootstrapper - Using TestExecutionListeners: [org.springframework.test.context.support.DirtiesContextBeforeModesTestExecutionListener@d39b06a, org.springframework.test.context.support.DependencyInjectionTestExecutionListener@466d05ee, org.springframework.test.context.support.DirtiesContextTestExecutionListener@1fa07061, org.springframework.test.context.transaction.TransactionalTestExecutionListener@5e32007f, org.springframework.test.context.jdbc.SqlScriptsTestExecutionListener@24bec229]
INFO  XmlBeanDefinitionReader - Loading XML bean definitions from class path resource [spring/service-config.xml]
INFO  XmlBeanDefinitionReader - Loading XML bean definitions from class path resource [spring/ehcache-config.xml]
INFO  XmlBeanDefinitionReader - Loading XML bean definitions from class path resource [spring/repository-config.xml]
INFO  XmlBeanDefinitionReader - Loading XML bean definitions from class path resource [spring/datasource-config.xml]
INFO  GenericApplicationContext - Refreshing org.springframework.context.support.GenericApplicationContext@159d5cf4: startup date [Mon Nov 14 17:15:33 CST 2016]; root of context hierarchy
INFO  PropertyPlaceholderConfigurer - Loading properties file from URL [file:C:/Users/Administrator/support-auth-data-access.properties]
INFO  EhCacheManagerFactoryBean - Initializing EhCache CacheManager
Tests run: 2, Failures: 0, Errors: 0, Skipped: 0, Time elapsed: 1.208 sec
Running com.lachesis.support.auth.data.DatabaseBasedAuthUserServiceTest
INFO  DefaultTestContextBootstrapper - Loaded default TestExecutionListener class names from location [META-INF/spring.factories]: [org.springframework.test.context.web.ServletTestExecutionListener, org.springframework.test.context.support.DirtiesContextBeforeModesTestExecutionListener, org.springframework.test.context.support.DependencyInjectionTestExecutionListener, org.springframework.test.context.support.DirtiesContextTestExecutionListener, org.springframework.test.context.transaction.TransactionalTestExecutionListener, org.springframework.test.context.jdbc.SqlScriptsTestExecutionListener]
INFO  DefaultTestContextBootstrapper - Could not instantiate TestExecutionListener [org.springframework.test.context.web.ServletTestExecutionListener]. Specify custom listener classes or make the default listener classes (and their required dependencies) available. Offending class: [javax/servlet/ServletContext]
INFO  DefaultTestContextBootstrapper - Using TestExecutionListeners: [org.springframework.test.context.support.DirtiesContextBeforeModesTestExecutionListener@73296f2, org.springframework.test.context.support.DependencyInjectionTestExecutionListener@a53ed8f, org.springframework.test.context.support.DirtiesContextTestExecutionListener@c114c95, org.springframework.test.context.transaction.TransactionalTestExecutionListener@43bad063, org.springframework.test.context.jdbc.SqlScriptsTestExecutionListener@1dc73652]
INFO  XmlBeanDefinitionReader - Loading XML bean definitions from class path resource [spring/service-config-test.xml]
ERROR TestContextManager - Caught exception while allowing TestExecutionListener [org.springframework.test.context.support.DependencyInjectionTestExecutionListener@a53ed8f] to prepare test instance [com.lachesis.support.auth.data.DatabaseBasedAuthUserServiceTest@374f74c1]
java.lang.IllegalStateException: Failed to load ApplicationContext
	at org.springframework.test.context.cache.DefaultCacheAwareContextLoaderDelegate.loadContext(DefaultCacheAwareContextLoaderDelegate.java:124) ~[spring-test-4.2.3.RELEASE.jar:4.2.3.RELEASE]
	at org.springframework.test.context.support.DefaultTestContext.getApplicationContext(DefaultTestContext.java:83) ~[spring-test-4.2.3.RELEASE.jar:4.2.3.RELEASE]
	at org.springframework.test.context.support.DependencyInjectionTestExecutionListener.injectDependencies(DependencyInjectionTestExecutionListener.java:117) ~[spring-test-4.2.3.RELEASE.jar:4.2.3.RELEASE]
	at org.springframework.test.context.support.DependencyInjectionTestExecutionListener.prepareTestInstance(DependencyInjectionTestExecutionListener.java:83) ~[spring-test-4.2.3.RELEASE.jar:4.2.3.RELEASE]
	at org.springframework.test.context.TestContextManager.prepareTestInstance(TestContextManager.java:228) ~[spring-test-4.2.3.RELEASE.jar:4.2.3.RELEASE]
	at org.springframework.test.context.junit4.SpringJUnit4ClassRunner.createTest(SpringJUnit4ClassRunner.java:230) [spring-test-4.2.3.RELEASE.jar:4.2.3.RELEASE]
	at org.springframework.test.context.junit4.SpringJUnit4ClassRunner$1.runReflectiveCall(SpringJUnit4ClassRunner.java:289) [spring-test-4.2.3.RELEASE.jar:4.2.3.RELEASE]
	at org.junit.internal.runners.model.ReflectiveCallable.run(ReflectiveCallable.java:15) [junit-4.10.jar:na]
	at org.springframework.test.context.junit4.SpringJUnit4ClassRunner.methodBlock(SpringJUnit4ClassRunner.java:291) [spring-test-4.2.3.RELEASE.jar:4.2.3.RELEASE]
	at org.springframework.test.context.junit4.SpringJUnit4ClassRunner.runChild(SpringJUnit4ClassRunner.java:249) [spring-test-4.2.3.RELEASE.jar:4.2.3.RELEASE]
	at org.springframework.test.context.junit4.SpringJUnit4ClassRunner.runChild(SpringJUnit4ClassRunner.java:89) [spring-test-4.2.3.RELEASE.jar:4.2.3.RELEASE]
	at org.junit.runners.ParentRunner$3.run(ParentRunner.java:231) [junit-4.10.jar:na]
	at org.junit.runners.ParentRunner$1.schedule(ParentRunner.java:60) [junit-4.10.jar:na]
	at org.junit.runners.ParentRunner.runChildren(ParentRunner.java:229) [junit-4.10.jar:na]
	at org.junit.runners.ParentRunner.access$000(ParentRunner.java:50) [junit-4.10.jar:na]
	at org.junit.runners.ParentRunner$2.evaluate(ParentRunner.java:222) [junit-4.10.jar:na]
	at org.springframework.test.context.junit4.statements.RunBeforeTestClassCallbacks.evaluate(RunBeforeTestClassCallbacks.java:61) [spring-test-4.2.3.RELEASE.jar:4.2.3.RELEASE]
	at org.springframework.test.context.junit4.statements.RunAfterTestClassCallbacks.evaluate(RunAfterTestClassCallbacks.java:70) [spring-test-4.2.3.RELEASE.jar:4.2.3.RELEASE]
	at org.junit.runners.ParentRunner.run(ParentRunner.java:300) [junit-4.10.jar:na]
	at org.springframework.test.context.junit4.SpringJUnit4ClassRunner.run(SpringJUnit4ClassRunner.java:193) [spring-test-4.2.3.RELEASE.jar:4.2.3.RELEASE]
	at org.apache.maven.surefire.junit4.JUnit4Provider.execute(JUnit4Provider.java:252) [surefire-junit4-2.12.4.jar:2.12.4]
	at org.apache.maven.surefire.junit4.JUnit4Provider.executeTestSet(JUnit4Provider.java:141) [surefire-junit4-2.12.4.jar:2.12.4]
	at org.apache.maven.surefire.junit4.JUnit4Provider.invoke(JUnit4Provider.java:112) [surefire-junit4-2.12.4.jar:2.12.4]
	at sun.reflect.NativeMethodAccessorImpl.invoke0(Native Method) ~[na:1.7.0_80]
	at sun.reflect.NativeMethodAccessorImpl.invoke(NativeMethodAccessorImpl.java:57) ~[na:1.7.0_80]
	at sun.reflect.DelegatingMethodAccessorImpl.invoke(DelegatingMethodAccessorImpl.java:43) ~[na:1.7.0_80]
	at java.lang.reflect.Method.invoke(Method.java:606) ~[na:1.7.0_80]
	at org.apache.maven.surefire.util.ReflectionUtils.invokeMethodWithArray(ReflectionUtils.java:189) [surefire-api-2.12.4.jar:2.12.4]
	at org.apache.maven.surefire.booter.ProviderFactory$ProviderProxy.invoke(ProviderFactory.java:165) [surefire-booter-2.12.4.jar:2.12.4]
	at org.apache.maven.surefire.booter.ProviderFactory.invokeProvider(ProviderFactory.java:85) [surefire-booter-2.12.4.jar:2.12.4]
	at org.apache.maven.surefire.booter.ForkedBooter.runSuitesInProcess(ForkedBooter.java:115) [surefire-booter-2.12.4.jar:2.12.4]
	at org.apache.maven.surefire.booter.ForkedBooter.main(ForkedBooter.java:75) [surefire-booter-2.12.4.jar:2.12.4]
Caused by: org.springframework.beans.factory.BeanDefinitionStoreException: IOException parsing XML document from class path resource [spring/service-config-test.xml]; nested exception is java.io.FileNotFoundException: class path resource [spring/service-config-test.xml] cannot be opened because it does not exist
	at org.springframework.beans.factory.xml.XmlBeanDefinitionReader.loadBeanDefinitions(XmlBeanDefinitionReader.java:344) ~[spring-beans-4.2.3.RELEASE.jar:4.2.3.RELEASE]
	at org.springframework.beans.factory.xml.XmlBeanDefinitionReader.loadBeanDefinitions(XmlBeanDefinitionReader.java:304) ~[spring-beans-4.2.3.RELEASE.jar:4.2.3.RELEASE]
	at org.springframework.beans.factory.support.AbstractBeanDefinitionReader.loadBeanDefinitions(AbstractBeanDefinitionReader.java:181) ~[spring-beans-4.2.3.RELEASE.jar:4.2.3.RELEASE]
	at org.springframework.beans.factory.support.AbstractBeanDefinitionReader.loadBeanDefinitions(AbstractBeanDefinitionReader.java:217) ~[spring-beans-4.2.3.RELEASE.jar:4.2.3.RELEASE]
	at org.springframework.beans.factory.support.AbstractBeanDefinitionReader.loadBeanDefinitions(AbstractBeanDefinitionReader.java:188) ~[spring-beans-4.2.3.RELEASE.jar:4.2.3.RELEASE]
	at org.springframework.beans.factory.support.AbstractBeanDefinitionReader.loadBeanDefinitions(AbstractBeanDefinitionReader.java:252) ~[spring-beans-4.2.3.RELEASE.jar:4.2.3.RELEASE]
	at org.springframework.test.context.support.AbstractGenericContextLoader.loadBeanDefinitions(AbstractGenericContextLoader.java:253) ~[spring-test-4.2.3.RELEASE.jar:4.2.3.RELEASE]
	at org.springframework.test.context.support.AbstractGenericContextLoader.loadContext(AbstractGenericContextLoader.java:122) ~[spring-test-4.2.3.RELEASE.jar:4.2.3.RELEASE]
	at org.springframework.test.context.support.AbstractGenericContextLoader.loadContext(AbstractGenericContextLoader.java:60) ~[spring-test-4.2.3.RELEASE.jar:4.2.3.RELEASE]
	at org.springframework.test.context.support.AbstractDelegatingSmartContextLoader.delegateLoading(AbstractDelegatingSmartContextLoader.java:109) ~[spring-test-4.2.3.RELEASE.jar:4.2.3.RELEASE]
	at org.springframework.test.context.support.AbstractDelegatingSmartContextLoader.loadContext(AbstractDelegatingSmartContextLoader.java:261) ~[spring-test-4.2.3.RELEASE.jar:4.2.3.RELEASE]
	at org.springframework.test.context.cache.DefaultCacheAwareContextLoaderDelegate.loadContextInternal(DefaultCacheAwareContextLoaderDelegate.java:98) ~[spring-test-4.2.3.RELEASE.jar:4.2.3.RELEASE]
	at org.springframework.test.context.cache.DefaultCacheAwareContextLoaderDelegate.loadContext(DefaultCacheAwareContextLoaderDelegate.java:116) ~[spring-test-4.2.3.RELEASE.jar:4.2.3.RELEASE]
	... 31 common frames omitted
Caused by: java.io.FileNotFoundException: class path resource [spring/service-config-test.xml] cannot be opened because it does not exist
	at org.springframework.core.io.ClassPathResource.getInputStream(ClassPathResource.java:172) ~[spring-core-4.2.3.RELEASE.jar:4.2.3.RELEASE]
	at org.springframework.beans.factory.xml.XmlBeanDefinitionReader.loadBeanDefinitions(XmlBeanDefinitionReader.java:330) ~[spring-beans-4.2.3.RELEASE.jar:4.2.3.RELEASE]
	... 43 common frames omitted
Tests run: 1, Failures: 0, Errors: 1, Skipped: 0, Time elapsed: 0.016 sec <<< FAILURE!
testFindAuthUserByUserid(com.lachesis.support.auth.data.DatabaseBasedAuthUserServiceTest)  Time elapsed: 0.003 sec  <<< ERROR!
java.lang.IllegalStateException: Failed to load ApplicationContext
	at org.springframework.test.context.cache.DefaultCacheAwareContextLoaderDelegate.loadContext(DefaultCacheAwareContextLoaderDelegate.java:124)
	at org.springframework.test.context.support.DefaultTestContext.getApplicationContext(DefaultTestContext.java:83)
	at org.springframework.test.context.support.DependencyInjectionTestExecutionListener.injectDependencies(DependencyInjectionTestExecutionListener.java:117)
	at org.springframework.test.context.support.DependencyInjectionTestExecutionListener.prepareTestInstance(DependencyInjectionTestExecutionListener.java:83)
	at org.springframework.test.context.TestContextManager.prepareTestInstance(TestContextManager.java:228)
	at org.springframework.test.context.junit4.SpringJUnit4ClassRunner.createTest(SpringJUnit4ClassRunner.java:230)
	at org.springframework.test.context.junit4.SpringJUnit4ClassRunner$1.runReflectiveCall(SpringJUnit4ClassRunner.java:289)
	at org.junit.internal.runners.model.ReflectiveCallable.run(ReflectiveCallable.java:15)
	at org.springframework.test.context.junit4.SpringJUnit4ClassRunner.methodBlock(SpringJUnit4ClassRunner.java:291)
	at org.springframework.test.context.junit4.SpringJUnit4ClassRunner.runChild(SpringJUnit4ClassRunner.java:249)
	at org.springframework.test.context.junit4.SpringJUnit4ClassRunner.runChild(SpringJUnit4ClassRunner.java:89)
	at org.junit.runners.ParentRunner$3.run(ParentRunner.java:231)
	at org.junit.runners.ParentRunner$1.schedule(ParentRunner.java:60)
	at org.junit.runners.ParentRunner.runChildren(ParentRunner.java:229)
	at org.junit.runners.ParentRunner.access$000(ParentRunner.java:50)
	at org.junit.runners.ParentRunner$2.evaluate(ParentRunner.java:222)
	at org.springframework.test.context.junit4.statements.RunBeforeTestClassCallbacks.evaluate(RunBeforeTestClassCallbacks.java:61)
	at org.springframework.test.context.junit4.statements.RunAfterTestClassCallbacks.evaluate(RunAfterTestClassCallbacks.java:70)
	at org.junit.runners.ParentRunner.run(ParentRunner.java:300)
	at org.springframework.test.context.junit4.SpringJUnit4ClassRunner.run(SpringJUnit4ClassRunner.java:193)
	at org.apache.maven.surefire.junit4.JUnit4Provider.execute(JUnit4Provider.java:252)
	at org.apache.maven.surefire.junit4.JUnit4Provider.executeTestSet(JUnit4Provider.java:141)
	at org.apache.maven.surefire.junit4.JUnit4Provider.invoke(JUnit4Provider.java:112)
	at sun.reflect.NativeMethodAccessorImpl.invoke0(Native Method)
	at sun.reflect.NativeMethodAccessorImpl.invoke(NativeMethodAccessorImpl.java:57)
	at sun.reflect.DelegatingMethodAccessorImpl.invoke(DelegatingMethodAccessorImpl.java:43)
	at java.lang.reflect.Method.invoke(Method.java:606)
	at org.apache.maven.surefire.util.ReflectionUtils.invokeMethodWithArray(ReflectionUtils.java:189)
	at org.apache.maven.surefire.booter.ProviderFactory$ProviderProxy.invoke(ProviderFactory.java:165)
	at org.apache.maven.surefire.booter.ProviderFactory.invokeProvider(ProviderFactory.java:85)
	at org.apache.maven.surefire.booter.ForkedBooter.runSuitesInProcess(ForkedBooter.java:115)
	at org.apache.maven.surefire.booter.ForkedBooter.main(ForkedBooter.java:75)
Caused by: org.springframework.beans.factory.BeanDefinitionStoreException: IOException parsing XML document from class path resource [spring/service-config-test.xml]; nested exception is java.io.FileNotFoundException: class path resource [spring/service-config-test.xml] cannot be opened because it does not exist
	at org.springframework.beans.factory.xml.XmlBeanDefinitionReader.loadBeanDefinitions(XmlBeanDefinitionReader.java:344)
	at org.springframework.beans.factory.xml.XmlBeanDefinitionReader.loadBeanDefinitions(XmlBeanDefinitionReader.java:304)
	at org.springframework.beans.factory.support.AbstractBeanDefinitionReader.loadBeanDefinitions(AbstractBeanDefinitionReader.java:181)
	at org.springframework.beans.factory.support.AbstractBeanDefinitionReader.loadBeanDefinitions(AbstractBeanDefinitionReader.java:217)
	at org.springframework.beans.factory.support.AbstractBeanDefinitionReader.loadBeanDefinitions(AbstractBeanDefinitionReader.java:188)
	at org.springframework.beans.factory.support.AbstractBeanDefinitionReader.loadBeanDefinitions(AbstractBeanDefinitionReader.java:252)
	at org.springframework.test.context.support.AbstractGenericContextLoader.loadBeanDefinitions(AbstractGenericContextLoader.java:253)
	at org.springframework.test.context.support.AbstractGenericContextLoader.loadContext(AbstractGenericContextLoader.java:122)
	at org.springframework.test.context.support.AbstractGenericContextLoader.loadContext(AbstractGenericContextLoader.java:60)
	at org.springframework.test.context.support.AbstractDelegatingSmartContextLoader.delegateLoading(AbstractDelegatingSmartContextLoader.java:109)
	at org.springframework.test.context.support.AbstractDelegatingSmartContextLoader.loadContext(AbstractDelegatingSmartContextLoader.java:261)
	at org.springframework.test.context.cache.DefaultCacheAwareContextLoaderDelegate.loadContextInternal(DefaultCacheAwareContextLoaderDelegate.java:98)
	at org.springframework.test.context.cache.DefaultCacheAwareContextLoaderDelegate.loadContext(DefaultCacheAwareContextLoaderDelegate.java:116)
	... 31 more
Caused by: java.io.FileNotFoundException: class path resource [spring/service-config-test.xml] cannot be opened because it does not exist
	at org.springframework.core.io.ClassPathResource.getInputStream(ClassPathResource.java:172)
	at org.springframework.beans.factory.xml.XmlBeanDefinitionReader.loadBeanDefinitions(XmlBeanDefinitionReader.java:330)
	... 43 more

Running com.lachesis.support.auth.encryption.impl.DesEncrypterTest
DEBUG DesEncrypter - encrypting username|10.2.3.74|1478760076830
DEBUG DesEncrypter - encryption result:/NQ5ultMnf9deFRuHmyGk68L/nv9fTwa4g+4lpY0pTYOa/q1I5HTxw==
DEBUG DesEncrypter - decrypting /NQ5ultMnf9deFRuHmyGk68L/nv9fTwa4g+4lpY0pTYOa/q1I5HTxw==
Tests run: 3, Failures: 0, Errors: 0, Skipped: 2, Time elapsed: 0.08 sec
Running com.lachesis.support.auth.service.DefaultCentralizedAuthSupporterTest
INFO  DefaultTestContextBootstrapper - Loaded default TestExecutionListener class names from location [META-INF/spring.factories]: [org.springframework.test.context.web.ServletTestExecutionListener, org.springframework.test.context.support.DirtiesContextBeforeModesTestExecutionListener, org.springframework.test.context.support.DependencyInjectionTestExecutionListener, org.springframework.test.context.support.DirtiesContextTestExecutionListener, org.springframework.test.context.transaction.TransactionalTestExecutionListener, org.springframework.test.context.jdbc.SqlScriptsTestExecutionListener]
INFO  DefaultTestContextBootstrapper - Could not instantiate TestExecutionListener [org.springframework.test.context.web.ServletTestExecutionListener]. Specify custom listener classes or make the default listener classes (and their required dependencies) available. Offending class: [javax/servlet/ServletContext]
INFO  DefaultTestContextBootstrapper - Using TestExecutionListeners: [org.springframework.test.context.support.DirtiesContextBeforeModesTestExecutionListener@4f06499d, org.springframework.test.context.support.DependencyInjectionTestExecutionListener@25cb0af3, org.springframework.test.context.support.DirtiesContextTestExecutionListener@353beae7, org.springframework.test.context.transaction.TransactionalTestExecutionListener@70bafefe, org.springframework.test.context.jdbc.SqlScriptsTestExecutionListener@4bb0f84]
INFO  XmlBeanDefinitionReader - Loading XML bean definitions from class path resource [service-config-test.xml]
INFO  XmlBeanDefinitionReader - Loading XML bean definitions from class path resource [spring/datasource-config.xml]
INFO  XmlBeanDefinitionReader - Loading XML bean definitions from class path resource [spring/repository-config.xml]
INFO  XmlBeanDefinitionReader - Loading XML bean definitions from class path resource [spring/ehcache-config.xml]
INFO  XmlBeanDefinitionReader - Loading XML bean definitions from class path resource [spring/service-config.xml]
INFO  GenericApplicationContext - Refreshing org.springframework.context.support.GenericApplicationContext@14f7a589: startup date [Mon Nov 14 17:15:34 CST 2016]; root of context hierarchy
INFO  PropertyPlaceholderConfigurer - Loading properties file from URL [file:C:/Users/Administrator/support-auth-data-access.properties]
INFO  EhCacheManagerFactoryBean - Initializing EhCache CacheManager
DEBUG AbstractCentralizedAuthSupporter - generating token for [userid:283,ip:10.10.10.10]
DEBUG DefaultAuthenticationProvider - current authenticator is [com.lachesis.support.auth.authentication.impl.LocalDatabaseAuthenticator]
DEBUG findByUserid - ==>  Preparing: SELECT SEQ_ID as id,LOGIN_NAME as username,USER_CODE as userCode,PASSWORD as password FROM SYS_USER WHERE LOGIN_NAME=?AND STATUS='01' 
DEBUG findByUserid - ==> Parameters: 283(String)
DEBUG findByUserid - <==      Total: 1
DEBUG DesEncrypter - encrypting 283|10.10.10.10|1479114934440
DEBUG DesEncrypter - encryption result:Xm82O3SfTo0XavhddqeE8YFJ309Uhy1FHRS2mmQ7WUk=
DEBUG AbstractCentralizedAuthSupporter - generating token for [userid:283,ip:10.10.10.10]
DEBUG DefaultAuthenticationProvider - current authenticator is [com.lachesis.support.auth.authentication.impl.LocalDatabaseAuthenticator]
DEBUG findByUserid - ==>  Preparing: SELECT SEQ_ID as id,LOGIN_NAME as username,USER_CODE as userCode,PASSWORD as password FROM SYS_USER WHERE LOGIN_NAME=?AND STATUS='01' 
DEBUG findByUserid - ==> Parameters: 283(String)
DEBUG findByUserid - <==      Total: 1
DEBUG DesEncrypter - encrypting 283|10.10.10.10|1479114934450
DEBUG DesEncrypter - encryption result:Xm82O3SfTo0XavhddqeE8YFJ309Uhy1FVMjCbit4E7Y=
DEBUG AbstractCentralizedAuthSupporter - authenticating token for [token:Xm82O3SfTo0XavhddqeE8YFJ309Uhy1FVMjCbit4E7Y=,ip:10.10.10.10]
DEBUG DefaultTokenVerifier - verify for [token:Xm82O3SfTo0XavhddqeE8YFJ309Uhy1FVMjCbit4E7Y=,ip:10.10.10.10]
DEBUG DefaultTokenVerifier - çoncrete verify strategy is com.lachesis.support.auth.verifier.impl.IpAndMaxIdleTimeTokenVerifyingStrategy
DEBUG AbstractTokenVerifyingStrategy - verifying [token:Xm82O3SfTo0XavhddqeE8YFJ309Uhy1FVMjCbit4E7Y=,ip:10.10.10.10]
DEBUG DesEncrypter - decrypting Xm82O3SfTo0XavhddqeE8YFJ309Uhy1FVMjCbit4E7Y=
DEBUG LocalAuthTokenManager - modify the last modified field to current system time
DEBUG DefaultAuthenticationProvider - current authenticator is [com.lachesis.support.auth.authentication.impl.LocalDatabaseAuthenticator]
DEBUG AbstractCentralizedAuthSupporter - generating token for [userid:283,ip:10.10.10.10]
DEBUG DefaultAuthenticationProvider - current authenticator is [com.lachesis.support.auth.authentication.impl.LocalDatabaseAuthenticator]
DEBUG findByUserid - ==>  Preparing: SELECT SEQ_ID as id,LOGIN_NAME as username,USER_CODE as userCode,PASSWORD as password FROM SYS_USER WHERE LOGIN_NAME=?AND STATUS='01' 
DEBUG findByUserid - ==> Parameters: 283(String)
DEBUG findByUserid - <==      Total: 1
DEBUG DesEncrypter - encrypting 283|10.10.10.10|1479114934460
DEBUG DesEncrypter - encryption result:Xm82O3SfTo0XavhddqeE8YFJ309Uhy1FDMSY0pQHRUk=
DEBUG AbstractCentralizedAuthSupporter - authenticating token for [token:Xm82O3SfTo0XavhddqeE8YFJ309Uhy1FDMSY0pQHRUk=,ip:10.10.10.10]
DEBUG DefaultTokenVerifier - verify for [token:Xm82O3SfTo0XavhddqeE8YFJ309Uhy1FDMSY0pQHRUk=,ip:10.10.10.10]
DEBUG DefaultTokenVerifier - çoncrete verify strategy is com.lachesis.support.auth.verifier.impl.IpAndMaxIdleTimeTokenVerifyingStrategy
DEBUG AbstractTokenVerifyingStrategy - verifying [token:Xm82O3SfTo0XavhddqeE8YFJ309Uhy1FDMSY0pQHRUk=,ip:10.10.10.10]
DEBUG DesEncrypter - decrypting Xm82O3SfTo0XavhddqeE8YFJ309Uhy1FDMSY0pQHRUk=
DEBUG LocalAuthTokenManager - modify the last modified field to current system time
DEBUG DefaultAuthenticationProvider - current authenticator is [com.lachesis.support.auth.authentication.impl.LocalDatabaseAuthenticator]
INFO  AbstractCentralizedAuthSupporter - dismissing token:Xm82O3SfTo0XavhddqeE8YFJ309Uhy1FDMSY0pQHRUk=
DEBUG AbstractCentralizedAuthSupporter - authenticating token for [token:Xm82O3SfTo0XavhddqeE8YFJ309Uhy1FDMSY0pQHRUk=,ip:10.10.10.10]
DEBUG DefaultTokenVerifier - verify for [token:Xm82O3SfTo0XavhddqeE8YFJ309Uhy1FDMSY0pQHRUk=,ip:10.10.10.10]
DEBUG DefaultTokenVerifier - çoncrete verify strategy is com.lachesis.support.auth.verifier.impl.IpAndMaxIdleTimeTokenVerifyingStrategy
DEBUG AbstractTokenVerifyingStrategy - verifying [token:Xm82O3SfTo0XavhddqeE8YFJ309Uhy1FDMSY0pQHRUk=,ip:10.10.10.10]
DEBUG DesEncrypter - decrypting Xm82O3SfTo0XavhddqeE8YFJ309Uhy1FDMSY0pQHRUk=
DEBUG IpAndMaxIdleTimeTokenVerifyingStrategy - cannot retrieve [token:Xm82O3SfTo0XavhddqeE8YFJ309Uhy1FDMSY0pQHRUk=]
WARN  DefaultCentralizedAuthSupporter - token [Xm82O3SfTo0XavhddqeE8YFJ309Uhy1FDMSY0pQHRUk=] is invalid
Tests run: 3, Failures: 0, Errors: 0, Skipped: 0, Time elapsed: 0.396 sec
INFO  GenericApplicationContext - Closing org.springframework.context.support.GenericApplicationContext@14f7a589: startup date [Mon Nov 14 17:15:34 CST 2016]; root of context hierarchy
INFO  GenericApplicationContext - Closing org.springframework.context.support.GenericApplicationContext@159d5cf4: startup date [Mon Nov 14 17:15:33 CST 2016]; root of context hierarchy
INFO  EhCacheManagerFactoryBean - Shutting down EhCache CacheManager
INFO  EhCacheManagerFactoryBean - Shutting down EhCache CacheManager

Results :

Tests in error: 
  testFindAuthUserByUserid(com.lachesis.support.auth.data.DatabaseBasedAuthUserServiceTest): Failed to load ApplicationContext

Tests run: 12, Failures: 0, Errors: 1, Skipped: 4

[INFO] ------------------------------------------------------------------------
[INFO] BUILD FAILURE
[INFO] ------------------------------------------------------------------------
[INFO] Total time: 3.722 s
[INFO] Finished at: 2016-11-14T17:15:34+08:00
[INFO] Final Memory: 19M/219M
[INFO] ------------------------------------------------------------------------
[ERROR] Failed to execute goal org.apache.maven.plugins:maven-surefire-plugin:2.12.4:test (default-test) on project support-auth: There are test failures.
[ERROR] 
[ERROR] Please refer to E:\GitRepo\support-auth\target\surefire-reports for the individual test results.
[ERROR] -> [Help 1]
[ERROR] 
[ERROR] To see the full stack trace of the errors, re-run Maven with the -e switch.
[ERROR] Re-run Maven using the -X switch to enable full debug logging.
[ERROR] 
[ERROR] For more information about the errors and possible solutions, please read the following articles:
[ERROR] [Help 1] http://cwiki.apache.org/confluence/display/MAVEN/MojoFailureException
